Start testing: Sep 12 10:07 CST
----------------------------------------------------------
1/1 Testing: runTests
1/1 Test: runTests
Command: "/home/pixel/Escritorio/Poyecto/build/tests/runTests"
Directory: /home/pixel/Escritorio/Poyecto/build
"runTests" start time: Sep 12 10:07 CST
Output:
----------------------------------------------------------
[==========] Running 4 tests from 1 test suite.
[----------] Global test environment set-up.
[----------] 4 tests from MPointerTest
[ RUN      ] MPointerTest.AssignValue
MPointer registrado. Total de punteros: 1
MPointer eliminado. Total de punteros: 0
[       OK ] MPointerTest.AssignValue (0 ms)
[ RUN      ] MPointerTest.AssignPointer
MPointer registrado. Total de punteros: 1
MPointer registrado. Total de punteros: 2
MPointer eliminado. Total de punteros: 1
MPointer eliminado. Total de punteros: 0
[       OK ] MPointerTest.AssignPointer (0 ms)
[ RUN      ] MPointerTest.GarbageCollector
MPointer registrado. Total de punteros: 1
Ejecutando Garbage Collector...
Liberando los siguientes punteros: 
Liberando memoria de puntero: 0x7ffc748cdd80
MPointer eliminado. Total de punteros: 0
[       OK ] MPointerTest.GarbageCollector (0 ms)
[ RUN      ] MPointerTest.DestructorTest
MPointer registrado. Total de punteros: 1
MPointer eliminado. Total de punteros: 0
Ejecutando Garbage Collector...
No hay punteros por liberar.
[       OK ] MPointerTest.DestructorTest (0 ms)
[----------] 4 tests from MPointerTest (0 ms total)

[----------] Global test environment tear-down
[==========] 4 tests from 1 test suite ran. (0 ms total)
[  PASSED  ] 4 tests.
<end of output>
Test time =   0.01 sec
----------------------------------------------------------
Test Passed.
"runTests" end time: Sep 12 10:07 CST
"runTests" time elapsed: 00:00:00
----------------------------------------------------------

End testing: Sep 12 10:07 CST
