<?xml version="1.0" encoding="UTF-8"?>
<Site BuildName="(empty)"
	BuildStamp="20240912-1529-Experimental"
	Name="(empty)"
	Generator="ctest-3.28.3"
	CompilerName=""
	CompilerVersion=""
	OSName="Linux"
	Hostname="pixel-VirtualBox"
	OSRelease="6.8.0-44-generic"
	OSVersion="#44-Ubuntu SMP PREEMPT_DYNAMIC Tue Aug 13 13:35:26 UTC 2024"
	OSPlatform="x86_64"
	Is64Bits="1"
	VendorString="AuthenticAMD"
	VendorID="Advanced Micro Devices"
	FamilyID="25"
	ModelID="33"
	ProcessorCacheSize="512"
	NumberOfLogicalCPU="3"
	NumberOfPhysicalCPU="3"
	TotalVirtualMemory="3818"
	TotalPhysicalMemory="3819"
	LogicalProcessorsPerPhysical="1"
	ProcessorClockFrequency="3393.66"
	>
	<Testing>
		<StartDateTime>Sep 12 17:20 CST</StartDateTime>
		<StartTestTime>1726183259</StartTestTime>
		<TestList/>
		<EndDateTime>Sep 12 17:20 CST</EndDateTime>
		<EndTestTime>1726183259</EndTestTime>
		<ElapsedMinutes>0</ElapsedMinutes>
	</Testing>
</Site>
